{"/Users/axity/Desktop/React_2025/03-gifs-app/mock/gifs.response.ts": {"path":"/Users/axity/Desktop/React_2025/03-gifs-app/mock/gifs.response.ts","statementMap":{"0":{"start":{"line":1,"column":25},"end":{"line":2016,"column":null}}},"fnMap":{},"branchMap":{},"s":{"0":1},"f":{},"b":{},"meta":{"lastBranch":0,"lastFunction":0,"lastStatement":1,"seen":{"s:1:25:2016:Infinity":0}}}
,"/Users/axity/Desktop/React_2025/03-gifs-app/src/GifsApp.tsx": {"path":"/Users/axity/Desktop/React_2025/03-gifs-app/src/GifsApp.tsx","statementMap":{"0":{"start":{"line":7,"column":23},"end":{"line":28,"column":null}},"1":{"start":{"line":9,"column":63},"end":{"line":9,"column":null}},"2":{"start":{"line":11,"column":4},"end":{"line":24,"column":null}}},"fnMap":{"0":{"name":"(anonymous_0)","decl":{"start":{"line":7,"column":23},"end":{"line":7,"column":null}},"loc":{"start":{"line":7,"column":23},"end":{"line":28,"column":null}},"line":7}},"branchMap":{},"s":{"0":1,"1":1,"2":1},"f":{"0":1},"b":{},"meta":{"lastBranch":0,"lastFunction":1,"lastStatement":3,"seen":{"s:7:23:28:Infinity":0,"f:7:23:7:Infinity":0,"s:9:63:9:Infinity":1,"s:11:4:24:Infinity":2}}}
,"/Users/axity/Desktop/React_2025/03-gifs-app/src/counter/components/MyCounterApp.tsx": {"path":"/Users/axity/Desktop/React_2025/03-gifs-app/src/counter/components/MyCounterApp.tsx","statementMap":{"0":{"start":{"line":3,"column":28},"end":{"line":29,"column":null}},"1":{"start":{"line":5,"column":61},"end":{"line":5,"column":null}},"2":{"start":{"line":7,"column":4},"end":{"line":24,"column":null}}},"fnMap":{"0":{"name":"(anonymous_0)","decl":{"start":{"line":3,"column":28},"end":{"line":3,"column":null}},"loc":{"start":{"line":3,"column":28},"end":{"line":29,"column":null}},"line":3}},"branchMap":{},"s":{"0":2,"1":7,"2":7},"f":{"0":7},"b":{},"meta":{"lastBranch":0,"lastFunction":1,"lastStatement":3,"seen":{"s:3:28:29:Infinity":0,"f:3:28:3:Infinity":0,"s:5:61:5:Infinity":1,"s:7:4:24:Infinity":2}}}
,"/Users/axity/Desktop/React_2025/03-gifs-app/src/counter/hooks/useCounter.tsx": {"path":"/Users/axity/Desktop/React_2025/03-gifs-app/src/counter/hooks/useCounter.tsx","statementMap":{"0":{"start":{"line":3,"column":26},"end":{"line":25,"column":null}},"1":{"start":{"line":5,"column":31},"end":{"line":5,"column":null}},"2":{"start":{"line":7,"column":22},"end":{"line":9,"column":null}},"3":{"start":{"line":8,"column":8},"end":{"line":8,"column":null}},"4":{"start":{"line":11,"column":27},"end":{"line":13,"column":null}},"5":{"start":{"line":12,"column":8},"end":{"line":12,"column":null}},"6":{"start":{"line":15,"column":24},"end":{"line":17,"column":null}},"7":{"start":{"line":16,"column":8},"end":{"line":16,"column":null}},"8":{"start":{"line":19,"column":4},"end":{"line":24,"column":null}}},"fnMap":{"0":{"name":"(anonymous_0)","decl":{"start":{"line":3,"column":26},"end":{"line":3,"column":27}},"loc":{"start":{"line":3,"column":43},"end":{"line":25,"column":null}},"line":3},"1":{"name":"(anonymous_1)","decl":{"start":{"line":7,"column":22},"end":{"line":7,"column":null}},"loc":{"start":{"line":7,"column":22},"end":{"line":9,"column":null}},"line":7},"2":{"name":"(anonymous_2)","decl":{"start":{"line":11,"column":27},"end":{"line":11,"column":null}},"loc":{"start":{"line":11,"column":27},"end":{"line":13,"column":null}},"line":11},"3":{"name":"(anonymous_3)","decl":{"start":{"line":15,"column":24},"end":{"line":15,"column":null}},"loc":{"start":{"line":15,"column":24},"end":{"line":17,"column":null}},"line":15}},"branchMap":{"0":{"loc":{"start":{"line":3,"column":27},"end":{"line":3,"column":43}},"type":"default-arg","locations":[{"start":{"line":3,"column":42},"end":{"line":3,"column":43}}],"line":3}},"s":{"0":2,"1":14,"2":14,"3":3,"4":14,"5":2,"6":14,"7":1,"8":14},"f":{"0":14,"1":3,"2":2,"3":1},"b":{"0":[14]},"meta":{"lastBranch":1,"lastFunction":4,"lastStatement":9,"seen":{"s:3:26:25:Infinity":0,"f:3:26:3:27":0,"b:3:42:3:43":0,"s:5:31:5:Infinity":1,"s:7:22:9:Infinity":2,"f:7:22:7:Infinity":1,"s:8:8:8:Infinity":3,"s:11:27:13:Infinity":4,"f:11:27:11:Infinity":2,"s:12:8:12:Infinity":5,"s:15:24:17:Infinity":6,"f:15:24:15:Infinity":3,"s:16:8:16:Infinity":7,"s:19:4:24:Infinity":8}}}
,"/Users/axity/Desktop/React_2025/03-gifs-app/src/gifs/actions/get-gifs-by-query.action.ts": {"path":"/Users/axity/Desktop/React_2025/03-gifs-app/src/gifs/actions/get-gifs-by-query.action.ts","statementMap":{"0":{"start":{"line":5,"column":30},"end":{"line":35,"column":null}},"1":{"start":{"line":7,"column":4},"end":{"line":9,"column":null}},"2":{"start":{"line":8,"column":8},"end":{"line":8,"column":null}},"3":{"start":{"line":11,"column":4},"end":{"line":33,"column":null}},"4":{"start":{"line":13,"column":25},"end":{"line":18,"column":null}},"5":{"start":{"line":20,"column":8},"end":{"line":26,"column":null}},"6":{"start":{"line":20,"column":48},"end":{"line":26,"column":null}},"7":{"start":{"line":30,"column":8},"end":{"line":30,"column":null}},"8":{"start":{"line":31,"column":8},"end":{"line":31,"column":null}}},"fnMap":{"0":{"name":"(anonymous_0)","decl":{"start":{"line":5,"column":30},"end":{"line":5,"column":37}},"loc":{"start":{"line":5,"column":37},"end":{"line":35,"column":null}},"line":5},"1":{"name":"(anonymous_1)","decl":{"start":{"line":20,"column":38},"end":{"line":20,"column":39}},"loc":{"start":{"line":20,"column":48},"end":{"line":26,"column":null}},"line":20}},"branchMap":{"0":{"loc":{"start":{"line":7,"column":4},"end":{"line":9,"column":null}},"type":"if","locations":[{"start":{"line":7,"column":4},"end":{"line":9,"column":null}},{"start":{},"end":{}}],"line":7}},"s":{"0":3,"1":6,"2":1,"3":5,"4":5,"5":4,"6":40,"7":1,"8":1},"f":{"0":6,"1":40},"b":{"0":[1,5]},"meta":{"lastBranch":1,"lastFunction":2,"lastStatement":9,"seen":{"s:5:30:35:Infinity":0,"f:5:30:5:37":0,"b:7:4:9:Infinity:undefined:undefined:undefined:undefined":0,"s:7:4:9:Infinity":1,"s:8:8:8:Infinity":2,"s:11:4:33:Infinity":3,"s:13:25:18:Infinity":4,"s:20:8:26:Infinity":5,"f:20:38:20:39":1,"s:20:48:26:Infinity":6,"s:30:8:30:Infinity":7,"s:31:8:31:Infinity":8}}}
,"/Users/axity/Desktop/React_2025/03-gifs-app/src/gifs/api/giphy.api.ts": {"path":"/Users/axity/Desktop/React_2025/03-gifs-app/src/gifs/api/giphy.api.ts","statementMap":{"0":{"start":{"line":3,"column":24},"end":{"line":9,"column":null}}},"fnMap":{},"branchMap":{},"s":{"0":4},"f":{},"b":{},"meta":{"lastBranch":0,"lastFunction":0,"lastStatement":1,"seen":{"s:3:24:9:Infinity":0}}}
,"/Users/axity/Desktop/React_2025/03-gifs-app/src/gifs/components/GifsList.tsx": {"path":"/Users/axity/Desktop/React_2025/03-gifs-app/src/gifs/components/GifsList.tsx","statementMap":{"0":{"start":{"line":8,"column":24},"end":{"line":26,"column":null}},"1":{"start":{"line":9,"column":4},"end":{"line":14,"column":38}},"2":{"start":{"line":13,"column":26},"end":{"line":14,"column":38}}},"fnMap":{"0":{"name":"(anonymous_0)","decl":{"start":{"line":8,"column":24},"end":{"line":8,"column":25}},"loc":{"start":{"line":8,"column":41},"end":{"line":26,"column":null}},"line":8},"1":{"name":"(anonymous_1)","decl":{"start":{"line":13,"column":25},"end":{"line":13,"column":26}},"loc":{"start":{"line":13,"column":26},"end":{"line":14,"column":38}},"line":13}},"branchMap":{},"s":{"0":1,"1":1,"2":0},"f":{"0":1,"1":0},"b":{},"meta":{"lastBranch":0,"lastFunction":2,"lastStatement":3,"seen":{"s:8:24:26:Infinity":0,"f:8:24:8:25":0,"s:9:4:14:38":1,"f:13:25:13:26":1,"s:13:26:14:38":2}}}
,"/Users/axity/Desktop/React_2025/03-gifs-app/src/gifs/components/PreviousSearches.tsx": {"path":"/Users/axity/Desktop/React_2025/03-gifs-app/src/gifs/components/PreviousSearches.tsx","statementMap":{"0":{"start":{"line":6,"column":32},"end":{"line":20,"column":null}},"1":{"start":{"line":7,"column":4},"end":{"line":14,"column":41}},"2":{"start":{"line":13,"column":34},"end":{"line":14,"column":41}},"3":{"start":{"line":14,"column":56},"end":{"line":14,"column":79}}},"fnMap":{"0":{"name":"(anonymous_0)","decl":{"start":{"line":6,"column":32},"end":{"line":6,"column":33}},"loc":{"start":{"line":6,"column":71},"end":{"line":20,"column":null}},"line":6},"1":{"name":"(anonymous_1)","decl":{"start":{"line":13,"column":33},"end":{"line":13,"column":34}},"loc":{"start":{"line":13,"column":34},"end":{"line":14,"column":41}},"line":13},"2":{"name":"(anonymous_2)","decl":{"start":{"line":14,"column":50},"end":{"line":14,"column":56}},"loc":{"start":{"line":14,"column":56},"end":{"line":14,"column":79}},"line":14}},"branchMap":{"0":{"loc":{"start":{"line":6,"column":35},"end":{"line":6,"column":48}},"type":"default-arg","locations":[{"start":{"line":6,"column":46},"end":{"line":6,"column":48}}],"line":6}},"s":{"0":1,"1":1,"2":0,"3":0},"f":{"0":1,"1":0,"2":0},"b":{"0":[1]},"meta":{"lastBranch":1,"lastFunction":3,"lastStatement":4,"seen":{"s:6:32:20:Infinity":0,"f:6:32:6:33":0,"b:6:46:6:48":0,"s:7:4:14:41":1,"f:13:33:13:34":1,"s:13:34:14:41":2,"f:14:50:14:56":2,"s:14:56:14:79":3}}}
,"/Users/axity/Desktop/React_2025/03-gifs-app/src/gifs/hooks/useGifs.tsx": {"path":"/Users/axity/Desktop/React_2025/03-gifs-app/src/gifs/hooks/useGifs.tsx","statementMap":{"0":{"start":{"line":7,"column":23},"end":{"line":67,"column":null}},"1":{"start":{"line":9,"column":43},"end":{"line":9,"column":null}},"2":{"start":{"line":11,"column":25},"end":{"line":11,"column":null}},"3":{"start":{"line":13,"column":10},"end":{"line":13,"column":null}},"4":{"start":{"line":15,"column":28},"end":{"line":30,"column":null}},"5":{"start":{"line":17,"column":33},"end":{"line":17,"column":59}},"6":{"start":{"line":19,"column":8},"end":{"line":22,"column":null}},"7":{"start":{"line":20,"column":12},"end":{"line":20,"column":null}},"8":{"start":{"line":21,"column":12},"end":{"line":21,"column":null}},"9":{"start":{"line":24,"column":21},"end":{"line":24,"column":null}},"10":{"start":{"line":26,"column":8},"end":{"line":26,"column":null}},"11":{"start":{"line":28,"column":8},"end":{"line":28,"column":null}},"12":{"start":{"line":32,"column":25},"end":{"line":56,"column":null}},"13":{"start":{"line":34,"column":32},"end":{"line":34,"column":null}},"14":{"start":{"line":36,"column":8},"end":{"line":38,"column":null}},"15":{"start":{"line":37,"column":12},"end":{"line":37,"column":null}},"16":{"start":{"line":40,"column":24},"end":{"line":40,"column":null}},"17":{"start":{"line":42,"column":8},"end":{"line":44,"column":null}},"18":{"start":{"line":43,"column":12},"end":{"line":43,"column":null}},"19":{"start":{"line":46,"column":27},"end":{"line":46,"column":null}},"20":{"start":{"line":48,"column":8},"end":{"line":48,"column":null}},"21":{"start":{"line":50,"column":21},"end":{"line":50,"column":null}},"22":{"start":{"line":52,"column":8},"end":{"line":52,"column":null}},"23":{"start":{"line":54,"column":8},"end":{"line":54,"column":null}},"24":{"start":{"line":58,"column":10},"end":{"line":58,"column":null}},"25":{"start":{"line":58,"column":39},"end":{"line":58,"column":69}},"26":{"start":{"line":60,"column":4},"end":{"line":65,"column":null}}},"fnMap":{"0":{"name":"(anonymous_0)","decl":{"start":{"line":7,"column":23},"end":{"line":7,"column":null}},"loc":{"start":{"line":7,"column":23},"end":{"line":67,"column":null}},"line":7},"1":{"name":"(anonymous_1)","decl":{"start":{"line":15,"column":28},"end":{"line":15,"column":35}},"loc":{"start":{"line":15,"column":35},"end":{"line":30,"column":null}},"line":15},"2":{"name":"(anonymous_2)","decl":{"start":{"line":32,"column":25},"end":{"line":32,"column":32}},"loc":{"start":{"line":32,"column":50},"end":{"line":56,"column":null}},"line":32},"3":{"name":"(anonymous_3)","decl":{"start":{"line":58,"column":33},"end":{"line":58,"column":39}},"loc":{"start":{"line":58,"column":39},"end":{"line":58,"column":69}},"line":58}},"branchMap":{"0":{"loc":{"start":{"line":19,"column":8},"end":{"line":22,"column":null}},"type":"if","locations":[{"start":{"line":19,"column":8},"end":{"line":22,"column":null}},{"start":{},"end":{}}],"line":19},"1":{"loc":{"start":{"line":32,"column":32},"end":{"line":32,"column":50}},"type":"default-arg","locations":[{"start":{"line":32,"column":48},"end":{"line":32,"column":50}}],"line":32},"2":{"loc":{"start":{"line":36,"column":8},"end":{"line":38,"column":null}},"type":"if","locations":[{"start":{"line":36,"column":8},"end":{"line":38,"column":null}},{"start":{},"end":{}}],"line":36},"3":{"loc":{"start":{"line":42,"column":8},"end":{"line":44,"column":null}},"type":"if","locations":[{"start":{"line":42,"column":8},"end":{"line":44,"column":null}},{"start":{},"end":{}}],"line":42}},"s":{"0":2,"1":17,"2":17,"3":17,"4":17,"5":1,"6":1,"7":0,"8":0,"9":1,"10":1,"11":1,"12":17,"13":11,"14":11,"15":0,"16":11,"17":11,"18":1,"19":10,"20":10,"21":10,"22":10,"23":10,"24":17,"25":16,"26":17},"f":{"0":17,"1":1,"2":11,"3":16},"b":{"0":[0,1],"1":[11],"2":[0,11],"3":[1,10]},"meta":{"lastBranch":4,"lastFunction":4,"lastStatement":27,"seen":{"s:7:23:67:Infinity":0,"f:7:23:7:Infinity":0,"s:9:43:9:Infinity":1,"s:11:25:11:Infinity":2,"s:13:10:13:Infinity":3,"s:15:28:30:Infinity":4,"f:15:28:15:35":1,"s:17:33:17:59":5,"b:19:8:22:Infinity:undefined:undefined:undefined:undefined":0,"s:19:8:22:Infinity":6,"s:20:12:20:Infinity":7,"s:21:12:21:Infinity":8,"s:24:21:24:Infinity":9,"s:26:8:26:Infinity":10,"s:28:8:28:Infinity":11,"s:32:25:56:Infinity":12,"f:32:25:32:32":2,"b:32:48:32:50":1,"s:34:32:34:Infinity":13,"b:36:8:38:Infinity:undefined:undefined:undefined:undefined":2,"s:36:8:38:Infinity":14,"s:37:12:37:Infinity":15,"s:40:24:40:Infinity":16,"b:42:8:44:Infinity:undefined:undefined:undefined:undefined":3,"s:42:8:44:Infinity":17,"s:43:12:43:Infinity":18,"s:46:27:46:Infinity":19,"s:48:8:48:Infinity":20,"s:50:21:50:Infinity":21,"s:52:8:52:Infinity":22,"s:54:8:54:Infinity":23,"s:58:10:58:Infinity":24,"f:58:33:58:39":3,"s:58:39:58:69":25,"s:60:4:65:Infinity":26}}}
,"/Users/axity/Desktop/React_2025/03-gifs-app/src/shared/components/CustomHeader.tsx": {"path":"/Users/axity/Desktop/React_2025/03-gifs-app/src/shared/components/CustomHeader.tsx","statementMap":{"0":{"start":{"line":6,"column":28},"end":{"line":19,"column":null}},"1":{"start":{"line":7,"column":4},"end":{"line":13,"column":null}}},"fnMap":{"0":{"name":"(anonymous_0)","decl":{"start":{"line":6,"column":28},"end":{"line":6,"column":29}},"loc":{"start":{"line":6,"column":59},"end":{"line":19,"column":null}},"line":6}},"branchMap":{"0":{"loc":{"start":{"line":11,"column":16},"end":{"line":13,"column":null}},"type":"binary-expr","locations":[{"start":{"line":11,"column":16},"end":{"line":11,"column":null}},{"start":{"line":11,"column":16},"end":{"line":13,"column":null}}],"line":11}},"s":{"0":2,"1":4},"f":{"0":4},"b":{"0":[4,2]},"meta":{"lastBranch":1,"lastFunction":1,"lastStatement":2,"seen":{"s:6:28:19:Infinity":0,"f:6:28:6:29":0,"s:7:4:13:Infinity":1,"b:11:16:11:Infinity:11:16:13:Infinity":0}}}
,"/Users/axity/Desktop/React_2025/03-gifs-app/src/shared/components/SearchBar.tsx": {"path":"/Users/axity/Desktop/React_2025/03-gifs-app/src/shared/components/SearchBar.tsx","statementMap":{"0":{"start":{"line":8,"column":25},"end":{"line":52,"column":null}},"1":{"start":{"line":10,"column":27},"end":{"line":10,"column":null}},"2":{"start":{"line":12,"column":4},"end":{"line":22,"column":null}},"3":{"start":{"line":14,"column":24},"end":{"line":16,"column":null}},"4":{"start":{"line":15,"column":12},"end":{"line":15,"column":null}},"5":{"start":{"line":18,"column":8},"end":{"line":20,"column":null}},"6":{"start":{"line":19,"column":12},"end":{"line":19,"column":null}},"7":{"start":{"line":24,"column":25},"end":{"line":27,"column":null}},"8":{"start":{"line":25,"column":8},"end":{"line":25,"column":null}},"9":{"start":{"line":26,"column":8},"end":{"line":26,"column":null}},"10":{"start":{"line":29,"column":26},"end":{"line":37,"column":null}},"11":{"start":{"line":31,"column":8},"end":{"line":33,"column":null}},"12":{"start":{"line":32,"column":12},"end":{"line":32,"column":null}},"13":{"start":{"line":35,"column":8},"end":{"line":35,"column":null}},"14":{"start":{"line":39,"column":4},"end":{"line":48,"column":null}},"15":{"start":{"line":45,"column":33},"end":{"line":45,"column":null}}},"fnMap":{"0":{"name":"(anonymous_0)","decl":{"start":{"line":8,"column":25},"end":{"line":8,"column":26}},"loc":{"start":{"line":8,"column":68},"end":{"line":52,"column":null}},"line":8},"1":{"name":"(anonymous_1)","decl":{"start":{"line":12,"column":14},"end":{"line":12,"column":null}},"loc":{"start":{"line":12,"column":14},"end":{"line":22,"column":7}},"line":12},"2":{"name":"(anonymous_2)","decl":{"start":{"line":14,"column":35},"end":{"line":14,"column":null}},"loc":{"start":{"line":14,"column":35},"end":{"line":16,"column":11}},"line":14},"3":{"name":"(anonymous_3)","decl":{"start":{"line":18,"column":15},"end":{"line":18,"column":null}},"loc":{"start":{"line":18,"column":15},"end":{"line":20,"column":null}},"line":18},"4":{"name":"(anonymous_4)","decl":{"start":{"line":24,"column":25},"end":{"line":24,"column":null}},"loc":{"start":{"line":24,"column":25},"end":{"line":27,"column":null}},"line":24},"5":{"name":"(anonymous_5)","decl":{"start":{"line":29,"column":26},"end":{"line":29,"column":27}},"loc":{"start":{"line":29,"column":27},"end":{"line":37,"column":null}},"line":29},"6":{"name":"(anonymous_6)","decl":{"start":{"line":45,"column":26},"end":{"line":45,"column":27}},"loc":{"start":{"line":45,"column":33},"end":{"line":45,"column":null}},"line":45}},"branchMap":{"0":{"loc":{"start":{"line":8,"column":37},"end":{"line":8,"column":59}},"type":"default-arg","locations":[{"start":{"line":8,"column":51},"end":{"line":8,"column":59}}],"line":8},"1":{"loc":{"start":{"line":31,"column":8},"end":{"line":33,"column":null}},"type":"if","locations":[{"start":{"line":31,"column":8},"end":{"line":33,"column":null}},{"start":{},"end":{}}],"line":31}},"s":{"0":2,"1":13,"2":13,"3":13,"4":2,"5":13,"6":13,"7":13,"8":1,"9":1,"10":13,"11":0,"12":0,"13":0,"14":13,"15":6},"f":{"0":13,"1":13,"2":2,"3":13,"4":1,"5":0,"6":6},"b":{"0":[13],"1":[0,0]},"meta":{"lastBranch":2,"lastFunction":7,"lastStatement":16,"seen":{"s:8:25:52:Infinity":0,"f:8:25:8:26":0,"b:8:51:8:59":0,"s:10:27:10:Infinity":1,"s:12:4:22:Infinity":2,"f:12:14:12:Infinity":1,"s:14:24:16:Infinity":3,"f:14:35:14:Infinity":2,"s:15:12:15:Infinity":4,"s:18:8:20:Infinity":5,"f:18:15:18:Infinity":3,"s:19:12:19:Infinity":6,"s:24:25:27:Infinity":7,"f:24:25:24:Infinity":4,"s:25:8:25:Infinity":8,"s:26:8:26:Infinity":9,"s:29:26:37:Infinity":10,"f:29:26:29:27":5,"b:31:8:33:Infinity:undefined:undefined:undefined:undefined":1,"s:31:8:33:Infinity":11,"s:32:12:32:Infinity":12,"s:35:8:35:Infinity":13,"s:39:4:48:Infinity":14,"f:45:26:45:27":6,"s:45:33:45:Infinity":15}}}
}
