{"/Users/axity/Desktop/React_2025/02-first-steps/src/FirstStepsApp.tsx": {"path":"/Users/axity/Desktop/React_2025/02-first-steps/src/FirstStepsApp.tsx","statementMap":{"0":{"start":{"line":4,"column":18},"end":{"line":4,"column":null}},"1":{"start":{"line":5,"column":17},"end":{"line":5,"column":null}},"2":{"start":{"line":7,"column":22},"end":{"line":7,"column":null}},"3":{"start":{"line":8,"column":17},"end":{"line":8,"column":null}},"4":{"start":{"line":10,"column":16},"end":{"line":13,"column":null}},"5":{"start":{"line":15,"column":32},"end":{"line":19,"column":null}},"6":{"start":{"line":26,"column":34},"end":{"line":43,"column":null}},"7":{"start":{"line":45,"column":29},"end":{"line":69,"column":null}},"8":{"start":{"line":47,"column":4},"end":{"line":63,"column":56}},"9":{"start":{"line":62,"column":32},"end":{"line":63,"column":56}}},"fnMap":{"0":{"name":"(anonymous_0)","decl":{"start":{"line":45,"column":29},"end":{"line":45,"column":null}},"loc":{"start":{"line":45,"column":29},"end":{"line":69,"column":null}},"line":45},"1":{"name":"(anonymous_1)","decl":{"start":{"line":62,"column":32},"end":{"line":62,"column":null}},"loc":{"start":{"line":62,"column":32},"end":{"line":63,"column":56}},"line":62}},"branchMap":{"0":{"loc":{"start":{"line":16,"column":21},"end":{"line":16,"column":null}},"type":"cond-expr","locations":[{"start":{"line":16,"column":32},"end":{"line":16,"column":42}},{"start":{"line":16,"column":42},"end":{"line":16,"column":null}}],"line":16},"1":{"loc":{"start":{"line":51,"column":17},"end":{"line":51,"column":null}},"type":"cond-expr","locations":[{"start":{"line":51,"column":28},"end":{"line":51,"column":39}},{"start":{"line":51,"column":39},"end":{"line":51,"column":null}}],"line":51}},"s":{"0":1,"1":1,"2":1,"3":1,"4":1,"5":1,"6":1,"7":1,"8":6,"9":18},"f":{"0":6,"1":18},"b":{"0":[1,0],"1":[6,0]},"meta":{"lastBranch":2,"lastFunction":2,"lastStatement":10,"seen":{"s:4:18:4:Infinity":0,"s:5:17:5:Infinity":1,"s:7:22:7:Infinity":2,"s:8:17:8:Infinity":3,"s:10:16:13:Infinity":4,"s:15:32:19:Infinity":5,"b:16:32:16:42:16:42:16:Infinity":0,"s:26:34:43:Infinity":6,"s:45:29:69:Infinity":7,"f:45:29:45:Infinity":0,"s:47:4:63:56":8,"b:51:28:51:39:51:39:51:Infinity":1,"f:62:32:62:Infinity":1,"s:62:32:63:56":9}}}
,"/Users/axity/Desktop/React_2025/02-first-steps/src/helpers/math.helper.ts": {"path":"/Users/axity/Desktop/React_2025/02-first-steps/src/helpers/math.helper.ts","statementMap":{"0":{"start":{"line":1,"column":19},"end":{"line":3,"column":null}},"1":{"start":{"line":2,"column":4},"end":{"line":2,"column":null}},"2":{"start":{"line":5,"column":24},"end":{"line":7,"column":null}},"3":{"start":{"line":6,"column":4},"end":{"line":6,"column":null}},"4":{"start":{"line":9,"column":24},"end":{"line":11,"column":null}},"5":{"start":{"line":10,"column":4},"end":{"line":10,"column":null}},"6":{"start":{"line":13,"column":22},"end":{"line":15,"column":null}},"7":{"start":{"line":14,"column":4},"end":{"line":14,"column":null}}},"fnMap":{"0":{"name":"(anonymous_0)","decl":{"start":{"line":1,"column":19},"end":{"line":1,"column":20}},"loc":{"start":{"line":1,"column":31},"end":{"line":3,"column":null}},"line":1},"1":{"name":"(anonymous_1)","decl":{"start":{"line":5,"column":24},"end":{"line":5,"column":25}},"loc":{"start":{"line":5,"column":36},"end":{"line":7,"column":null}},"line":5},"2":{"name":"(anonymous_2)","decl":{"start":{"line":9,"column":24},"end":{"line":9,"column":25}},"loc":{"start":{"line":9,"column":36},"end":{"line":11,"column":null}},"line":9},"3":{"name":"(anonymous_3)","decl":{"start":{"line":13,"column":22},"end":{"line":13,"column":23}},"loc":{"start":{"line":13,"column":34},"end":{"line":15,"column":null}},"line":13}},"branchMap":{},"s":{"0":1,"1":1,"2":1,"3":2,"4":1,"5":1,"6":1,"7":0},"f":{"0":1,"1":2,"2":1,"3":0},"b":{},"meta":{"lastBranch":0,"lastFunction":4,"lastStatement":8,"seen":{"s:1:19:3:Infinity":0,"f:1:19:1:20":0,"s:2:4:2:Infinity":1,"s:5:24:7:Infinity":2,"f:5:24:5:25":1,"s:6:4:6:Infinity":3,"s:9:24:11:Infinity":4,"f:9:24:9:25":2,"s:10:4:10:Infinity":5,"s:13:22:15:Infinity":6,"f:13:22:13:23":3,"s:14:4:14:Infinity":7}}}
,"/Users/axity/Desktop/React_2025/02-first-steps/src/shooping-cart/ItemCounter.module.css": {"path":"/Users/axity/Desktop/React_2025/02-first-steps/src/shooping-cart/ItemCounter.module.css","statementMap":{},"fnMap":{},"branchMap":{},"s":{},"f":{},"b":{},"meta":{"lastBranch":0,"lastFunction":0,"lastStatement":0,"seen":{}}}
,"/Users/axity/Desktop/React_2025/02-first-steps/src/shooping-cart/ItemCounter.tsx": {"path":"/Users/axity/Desktop/React_2025/02-first-steps/src/shooping-cart/ItemCounter.tsx","statementMap":{"0":{"start":{"line":10,"column":27},"end":{"line":45,"column":null}},"1":{"start":{"line":12,"column":27},"end":{"line":12,"column":null}},"2":{"start":{"line":14,"column":22},"end":{"line":18,"column":null}},"3":{"start":{"line":16,"column":8},"end":{"line":16,"column":null}},"4":{"start":{"line":20,"column":27},"end":{"line":27,"column":null}},"5":{"start":{"line":22,"column":8},"end":{"line":24,"column":null}},"6":{"start":{"line":23,"column":12},"end":{"line":23,"column":null}},"7":{"start":{"line":26,"column":8},"end":{"line":26,"column":null}},"8":{"start":{"line":29,"column":4},"end":{"line":41,"column":null}}},"fnMap":{"0":{"name":"(anonymous_0)","decl":{"start":{"line":10,"column":27},"end":{"line":10,"column":28}},"loc":{"start":{"line":10,"column":58},"end":{"line":45,"column":null}},"line":10},"1":{"name":"(anonymous_1)","decl":{"start":{"line":14,"column":22},"end":{"line":14,"column":null}},"loc":{"start":{"line":14,"column":22},"end":{"line":18,"column":null}},"line":14},"2":{"name":"(anonymous_2)","decl":{"start":{"line":20,"column":27},"end":{"line":20,"column":null}},"loc":{"start":{"line":20,"column":27},"end":{"line":27,"column":null}},"line":20}},"branchMap":{"0":{"loc":{"start":{"line":10,"column":36},"end":{"line":10,"column":48}},"type":"default-arg","locations":[{"start":{"line":10,"column":47},"end":{"line":10,"column":48}}],"line":10},"1":{"loc":{"start":{"line":22,"column":8},"end":{"line":24,"column":null}},"type":"if","locations":[{"start":{"line":22,"column":8},"end":{"line":24,"column":null}},{"start":{},"end":{}}],"line":22},"2":{"loc":{"start":{"line":32,"column":23},"end":{"line":32,"column":null}},"type":"cond-expr","locations":[{"start":{"line":32,"column":37},"end":{"line":32,"column":45}},{"start":{"line":32,"column":45},"end":{"line":32,"column":null}}],"line":32}},"s":{"0":1,"1":9,"2":9,"3":1,"4":9,"5":2,"6":1,"7":1,"8":9},"f":{"0":9,"1":1,"2":2},"b":{"0":[9],"1":[1,1],"2":[5,4]},"meta":{"lastBranch":3,"lastFunction":3,"lastStatement":9,"seen":{"s:10:27:45:Infinity":0,"f:10:27:10:28":0,"b:10:47:10:48":0,"s:12:27:12:Infinity":1,"s:14:22:18:Infinity":2,"f:14:22:14:Infinity":1,"s:16:8:16:Infinity":3,"s:20:27:27:Infinity":4,"f:20:27:20:Infinity":2,"b:22:8:24:Infinity:undefined:undefined:undefined:undefined":1,"s:22:8:24:Infinity":5,"s:23:12:23:Infinity":6,"s:26:8:26:Infinity":7,"s:29:4:41:Infinity":8,"b:32:37:32:45:32:45:32:Infinity":2}}}
}
